04/15/2016 00:05:38 3.874968 2.237214
04/15/2016 00:15:38 6.458280 2.888230
04/15/2016 00:25:38 2.583312 1.826677
04/15/2016 00:35:38 3.874968 2.237214
04/15/2016 00:45:38 2.583312 1.826677
04/15/2016 00:55:38 6.458280 2.888230
04/15/2016 01:05:38 3.874968 2.237214
04/15/2016 01:15:38 5.166624 2.583312
04/15/2016 01:25:38 12.916559 4.084575
04/15/2016 01:35:38 6.458280 2.888230
04/15/2016 01:45:38 6.458280 2.888230
04/15/2016 01:55:38 2.583312 1.826677
04/15/2016 02:05:38 6.458280 2.888230
04/15/2016 02:15:38 7.749935 3.163898
04/15/2016 02:25:38 2.583312 1.826677
04/15/2016 02:35:38 5.166624 2.583312
04/15/2016 02:45:38 6.458280 2.888230
04/15/2016 02:55:38 2.583312 1.826677
04/15/2016 03:05:38 9.041591 3.417400
04/15/2016 03:15:38 10.333247 3.653355
04/15/2016 03:25:38 10.333247 3.653355
04/15/2016 03:35:38 6.458280 2.888230
04/15/2016 03:45:38 5.166624 2.583312
04/15/2016 03:55:38 6.458280 2.888230
04/15/2016 04:05:38 6.458280 2.888230
04/15/2016 04:15:38 7.749935 3.163898
04/15/2016 04:25:38 9.041591 3.417400
04/15/2016 04:35:38 10.333247 3.653355
04/15/2016 04:45:38 7.749935 3.163898
04/15/2016 04:55:38 6.458280 2.888230
04/15/2016 05:05:38 9.041591 3.417400
04/15/2016 05:15:38 5.166624 2.583312
04/15/2016 05:25:38 6.458280 2.888230
04/15/2016 05:35:38 10.333247 3.653355
04/15/2016 05:45:38 3.874968 2.237214
04/15/2016 05:55:38 5.166624 2.583312
04/15/2016 06:05:38 2.583312 1.826677
04/15/2016 06:15:38 7.749935 3.163898
04/15/2016 06:25:38 7.749935 3.163898
04/15/2016 06:35:38 7.749935 3.163898
04/15/2016 06:45:38 6.458280 2.888230
04/15/2016 06:55:38 2.583312 1.826677
04/15/2016 07:05:38 7.749935 3.163898
04/15/2016 07:15:38 3.874968 2.237214
04/15/2016 07:25:38 2.583312 1.826677
04/15/2016 07:35:38 5.166624 2.583312
04/15/2016 07:45:38 3.874968 2.237214
04/15/2016 07:55:38 6.458280 2.888230
04/15/2016 08:05:38 11.624903 3.874968
04/15/2016 08:15:38 9.041591 3.417400
04/15/2016 08:25:38 3.874968 2.237214
04/15/2016 08:35:38 3.874968 2.237214
04/15/2016 08:45:38 5.166624 2.583312
04/15/2016 08:55:38 2.583312 1.826677
04/15/2016 09:05:38 6.458280 2.888230
04/15/2016 09:15:38 9.041591 3.417400
04/15/2016 09:25:38 7.749935 3.163898
04/15/2016 09:35:38 9.041591 3.417400
04/15/2016 09:45:38 10.333247 3.653355
04/15/2016 09:55:38 7.749935 3.163898
04/15/2016 10:05:38 2.583312 1.826677
04/15/2016 10:15:38 3.874968 2.237214
04/15/2016 10:25:38 6.458280 2.888230
04/15/2016 10:35:38 7.749935 3.163898
04/15/2016 10:45:38 3.874968 2.237214
04/15/2016 10:55:38 2.583312 1.826677
04/15/2016 11:05:38 3.874968 2.237214
04/15/2016 11:15:38 3.874968 2.237214
04/15/2016 11:25:38 6.458280 2.888230
04/15/2016 11:35:38 6.458280 2.888230
04/15/2016 11:45:38 7.749935 3.163898
04/15/2016 11:55:38 9.041591 3.417400
04/15/2016 12:05:38 1.291656 1.291656
04/15/2016 12:45:38 5.166624 2.583312
04/15/2016 12:55:38 5.166624 2.583312
04/15/2016 13:05:38 11.624903 3.874968
04/15/2016 13:15:38 7.749935 3.163898
04/15/2016 13:25:38 9.041591 3.417400
04/15/2016 13:35:38 9.041591 3.417400
04/15/2016 13:45:38 3.874968 2.237214
04/15/2016 13:55:38 6.458280 2.888230
04/15/2016 14:05:38 5.166624 2.583312
04/15/2016 14:15:38 15.499871 4.474427
04/15/2016 14:25:38 5.166624 2.583312
04/15/2016 14:35:38 7.749935 3.163898
04/15/2016 14:45:38 10.333247 3.653355
04/15/2016 14:55:38 7.749935 3.163898
04/15/2016 15:05:38 6.458280 2.888230
04/15/2016 15:15:38 3.874968 2.237214
04/15/2016 15:25:38 5.166624 2.583312
04/15/2016 15:35:38 3.874968 2.237214
04/15/2016 15:45:38 6.458280 2.888230
04/15/2016 15:55:38 7.749935 3.163898
04/15/2016 16:05:38 10.333247 3.653355
04/15/2016 16:15:38 5.166624 2.583312
04/15/2016 16:25:38 11.624903 3.874968
04/15/2016 16:35:38 9.041591 3.417400
04/15/2016 16:45:38 6.458280 2.888230
04/15/2016 16:55:38 7.749935 3.163898
04/15/2016 17:05:38 2.583312 1.826677
04/15/2016 17:15:38 6.458280 2.888230
04/15/2016 17:25:38 10.333247 3.653355
04/15/2016 17:35:38 3.874968 2.237214
04/15/2016 17:45:38 10.333247 3.653355
04/15/2016 17:55:38 3.874968 2.237214
04/15/2016 18:05:38 7.749935 3.163898
04/15/2016 18:15:38 9.041591 3.417400
04/15/2016 18:25:38 3.874968 2.237214
04/15/2016 18:35:38 3.874968 2.237214
04/15/2016 18:45:38 2.583312 1.826677
04/15/2016 18:55:38 3.874968 2.237214
04/15/2016 19:05:38 2.583312 1.826677
04/15/2016 19:15:38 9.041591 3.417400
04/15/2016 19:25:38 2.583312 1.826677
04/15/2016 19:35:38 2.583312 1.826677
04/15/2016 19:45:38 5.166624 2.583312
04/15/2016 19:55:38 2.583312 1.826677
04/15/2016 20:05:38 11.624903 3.874968
04/15/2016 20:15:38 2.583312 1.826677
04/15/2016 20:25:38 6.458280 2.888230
04/15/2016 20:35:38 7.749935 3.163898
04/15/2016 20:45:38 6.458280 2.888230
04/15/2016 20:55:38 6.458280 2.888230
04/15/2016 21:05:38 2.583312 1.826677
04/15/2016 21:15:38 2.583312 1.826677
04/15/2016 21:25:38 5.166624 2.583312
04/15/2016 21:35:38 5.166624 2.583312
04/15/2016 21:45:38 9.041591 3.417400
04/15/2016 21:55:38 2.583312 1.826677
04/15/2016 22:05:38 5.166624 2.583312
04/15/2016 22:15:38 2.583312 1.826677
04/15/2016 22:25:38 7.749935 3.163898
04/15/2016 22:35:38 7.749935 3.163898
04/15/2016 22:45:38 3.874968 2.237214
04/15/2016 22:55:38 6.458280 2.888230
04/15/2016 23:05:38 7.749935 3.163898
04/15/2016 23:15:38 15.499871 4.474427
04/15/2016 23:25:38 11.624903 3.874968
04/15/2016 23:35:38 6.458280 2.888230
04/15/2016 23:45:38 1.291656 1.291656
04/15/2016 23:55:38 11.624903 3.874968
04/16/2016 00:15:38 3.874968 2.237214
04/16/2016 00:25:38 2.583312 1.826677
04/16/2016 00:35:38 2.583312 1.826677
04/16/2016 00:45:38 2.583312 1.826677
04/16/2016 00:55:38 2.583312 1.826677
04/16/2016 01:05:38 1.291656 1.291656
04/16/2016 01:15:38 2.583312 1.826677
04/16/2016 01:25:38 10.333247 3.653355
04/16/2016 01:35:38 5.166624 2.583312
04/16/2016 01:45:38 6.458280 2.888230
04/16/2016 01:55:38 7.749935 3.163898
04/16/2016 02:05:38 7.749935 3.163898
04/16/2016 02:15:38 6.458280 2.888230
04/16/2016 02:25:38 3.874968 2.237214
04/16/2016 02:35:38 3.874968 2.237214
04/16/2016 02:45:38 5.166624 2.583312
04/16/2016 02:55:38 7.749935 3.163898
04/16/2016 03:05:38 3.874968 2.237214
04/16/2016 03:15:38 3.874968 2.237214
04/16/2016 03:25:38 5.166624 2.583312
04/16/2016 03:35:38 2.583312 1.826677
04/16/2016 04:15:38 5.166624 2.583312
04/16/2016 04:25:38 3.874968 2.237214
04/16/2016 04:35:38 3.874968 2.237214
04/16/2016 04:45:38 6.458280 2.888230
04/16/2016 04:55:38 5.166624 2.583312
04/16/2016 05:05:38 6.458280 2.888230
04/16/2016 05:15:38 5.166624 2.583312
04/16/2016 05:25:38 2.583312 1.826677
04/16/2016 05:35:38 5.166624 2.583312
04/16/2016 05:45:38 5.166624 2.583312
04/16/2016 05:55:38 7.749935 3.163898
04/16/2016 06:05:38 2.583312 1.826677
04/16/2016 06:15:38 5.166624 2.583312
04/16/2016 06:25:38 3.874968 2.237214
04/16/2016 06:35:38 7.749935 3.163898
04/16/2016 06:45:38 3.874968 2.237214
04/16/2016 06:55:38 9.041591 3.417400
04/16/2016 07:05:38 2.583312 1.826677
04/16/2016 07:15:38 3.874968 2.237214
04/16/2016 07:25:38 6.458280 2.888230
04/16/2016 07:35:38 6.458280 2.888230
04/16/2016 07:45:38 11.624903 3.874968
04/16/2016 07:55:38 7.749935 3.163898
04/16/2016 08:05:38 6.458280 2.888230
04/16/2016 08:15:38 5.166624 2.583312
04/16/2016 08:25:38 5.166624 2.583312
04/16/2016 08:35:38 2.583312 1.826677
04/16/2016 08:45:38 16.791527 4.657132
04/16/2016 08:55:38 15.499871 4.474427
04/16/2016 09:05:38 3.874968 2.237214
04/16/2016 09:15:38 5.166624 2.583312
04/16/2016 09:25:38 3.874968 2.237214
04/16/2016 09:35:38 6.458280 2.888230
04/16/2016 09:45:38 3.874968 2.237214
04/16/2016 09:55:38 2.583312 1.826677
04/16/2016 10:05:38 9.041591 3.417400
04/16/2016 10:15:38 2.583312 1.826677
04/16/2016 10:25:38 2.583312 1.826677
04/16/2016 10:35:38 10.333247 3.653355
04/16/2016 10:45:38 6.458280 2.888230
04/16/2016 10:55:38 6.458280 2.888230
04/16/2016 11:05:38 2.583312 1.826677
04/16/2016 11:15:38 5.166624 2.583312
04/16/2016 11:25:38 3.874968 2.237214
04/16/2016 11:35:38 6.458280 2.888230
04/16/2016 11:45:38 3.874968 2.237214
04/16/2016 11:55:38 2.583312 1.826677
04/16/2016 12:05:38 2.583312 1.826677
04/16/2016 12:15:38 6.458280 2.888230
04/16/2016 12:25:38 9.041591 3.417400
04/16/2016 12:35:38 6.458280 2.888230
04/16/2016 12:45:38 11.624903 3.874968
04/16/2016 12:55:38 1.291656 1.291656
04/16/2016 13:05:38 5.166624 2.583312
04/16/2016 13:15:38 1.291656 1.291656
04/16/2016 13:25:38 3.874968 2.237214
04/16/2016 13:35:38 11.624903 3.874968
04/16/2016 13:45:38 6.458280 2.888230
04/16/2016 13:55:38 6.458280 2.888230
04/16/2016 14:05:38 9.041591 3.417400
04/16/2016 14:15:38 6.458280 2.888230
04/16/2016 14:25:38 7.749935 3.163898
04/16/2016 14:35:38 2.583312 1.826677
04/16/2016 14:45:38 3.874968 2.237214
04/16/2016 14:55:38 5.166624 2.583312
04/16/2016 15:05:38 6.458280 2.888230
04/16/2016 15:15:38 1.291656 1.291656
04/16/2016 15:25:38 3.874968 2.237214
04/16/2016 15:35:38 5.166624 2.583312
04/16/2016 15:45:38 5.166624 2.583312
04/16/2016 15:55:38 3.874968 2.237214
04/16/2016 16:05:38 3.874968 2.237214
04/16/2016 16:15:38 1.291656 1.291656
04/16/2016 16:25:38 1.291656 1.291656
04/16/2016 17:05:38 5.166624 2.583312
04/16/2016 17:15:38 5.166624 2.583312
04/16/2016 17:25:38 1.291656 1.291656
04/16/2016 17:35:38 2.583312 1.826677
04/16/2016 17:45:38 3.874968 2.237214
04/16/2016 17:55:38 5.166624 2.583312
04/16/2016 18:05:38 1.291656 1.291656
04/16/2016 18:15:38 5.166624 2.583312
04/16/2016 18:25:38 7.749935 3.163898
04/16/2016 18:35:38 3.874968 2.237214
04/16/2016 18:45:38 3.874968 2.237214
04/16/2016 18:55:38 7.749935 3.163898
04/16/2016 19:05:38 5.166624 2.583312
04/16/2016 19:15:38 2.583312 1.826677
04/16/2016 19:25:38 6.458280 2.888230
04/16/2016 19:35:38 2.583312 1.826677
04/16/2016 19:45:38 3.874968 2.237214
04/16/2016 19:55:38 1.291656 1.291656
04/16/2016 20:05:38 5.166624 2.583312
04/16/2016 20:15:38 5.166624 2.583312
04/16/2016 20:25:38 1.291656 1.291656
04/16/2016 20:35:38 5.166624 2.583312
04/16/2016 20:45:38 5.166624 2.583312
04/16/2016 20:55:38 2.583312 1.826677
04/16/2016 21:05:38 3.874968 2.237214
04/16/2016 21:15:38 3.874968 2.237214
04/16/2016 21:25:38 2.583312 1.826677
04/16/2016 21:35:38 2.583312 1.826677
04/16/2016 21:45:38 2.583312 1.826677
04/16/2016 21:55:38 6.458280 2.888230
04/16/2016 22:05:38 6.458280 2.888230
04/16/2016 22:15:38 3.874968 2.237214
04/16/2016 22:25:38 6.458280 2.888230
04/16/2016 22:35:38 1.291656 1.291656
04/16/2016 22:45:38 2.583312 1.826677
04/16/2016 22:55:38 6.458280 2.888230
04/16/2016 23:05:38 1.291656 1.291656
04/16/2016 23:15:38 6.458280 2.888230
04/16/2016 23:25:38 2.583312 1.826677
04/16/2016 23:35:38 5.166624 2.583312
04/16/2016 23:45:38 6.458280 2.888230
